<?xml version="1.0" encoding="UTF-8"?>
<!-- Generated by org.testng.reporters.JUnitXMLReporter -->
<testsuite ignored="0" hostname="LIN65001218" failures="0" tests="3" name="Default test" time="24.822" errors="0" timestamp="2021-11-03T19:34:29 IST">
  <testcase classname="com.crm.qa.testcases.LoginPageTest" name="validateTitleTest" time="0.016"/>
  <testcase classname="com.crm.qa.testcases.LoginPageTest" name="validateTextIsPresentTest" time="0.061"/>
  <testcase classname="com.crm.qa.testcases.LoginPageTest" name="loginTest" time="8.412"/>
</testsuite> <!-- Default test -->
