<?xml version="1.0" encoding="UTF-8"?>
<testng-results ignored="0" total="3" passed="3" failed="0" skipped="0">
  <reporter-output>
  </reporter-output>
  <suite started-at="2021-11-03T19:34:04 IST" name="Default suite" finished-at="2021-11-03T19:34:29 IST" duration-ms="24822">
    <groups>
    </groups>
    <test started-at="2021-11-03T19:34:04 IST" name="Default test" finished-at="2021-11-03T19:34:29 IST" duration-ms="24822">
      <class name="com.crm.qa.testcases.LoginPageTest">
        <test-method is-config="true" signature="setUp()[pri:0, instance:com.crm.qa.testcases.LoginPageTest@53045c6c]" started-at="2021-11-03T19:34:04 IST" name="setUp" finished-at="2021-11-03T19:34:09 IST" duration-ms="5407" status="PASS">
          <reporter-output>
          </reporter-output>
        </test-method> <!-- setUp -->
        <test-method signature="validateTitleTest()[pri:1, instance:com.crm.qa.testcases.LoginPageTest@53045c6c]" started-at="2021-11-03T19:34:09 IST" name="validateTitleTest" finished-at="2021-11-03T19:34:09 IST" duration-ms="16" status="PASS">
          <reporter-output>
          </reporter-output>
        </test-method> <!-- validateTitleTest -->
        <test-method is-config="true" signature="closeBrowser()[pri:0, instance:com.crm.qa.testcases.LoginPageTest@53045c6c]" started-at="2021-11-03T19:34:09 IST" name="closeBrowser" finished-at="2021-11-03T19:34:10 IST" duration-ms="745" status="PASS">
          <reporter-output>
          </reporter-output>
        </test-method> <!-- closeBrowser -->
        <test-method is-config="true" signature="setUp()[pri:0, instance:com.crm.qa.testcases.LoginPageTest@53045c6c]" started-at="2021-11-03T19:34:10 IST" name="setUp" finished-at="2021-11-03T19:34:15 IST" duration-ms="4393" status="PASS">
          <reporter-output>
          </reporter-output>
        </test-method> <!-- setUp -->
        <test-method signature="validateTextIsPresentTest()[pri:2, instance:com.crm.qa.testcases.LoginPageTest@53045c6c]" started-at="2021-11-03T19:34:15 IST" name="validateTextIsPresentTest" finished-at="2021-11-03T19:34:15 IST" duration-ms="61" status="PASS">
          <reporter-output>
          </reporter-output>
        </test-method> <!-- validateTextIsPresentTest -->
        <test-method is-config="true" signature="closeBrowser()[pri:0, instance:com.crm.qa.testcases.LoginPageTest@53045c6c]" started-at="2021-11-03T19:34:15 IST" name="closeBrowser" finished-at="2021-11-03T19:34:15 IST" duration-ms="678" status="PASS">
          <reporter-output>
          </reporter-output>
        </test-method> <!-- closeBrowser -->
        <test-method is-config="true" signature="setUp()[pri:0, instance:com.crm.qa.testcases.LoginPageTest@53045c6c]" started-at="2021-11-03T19:34:15 IST" name="setUp" finished-at="2021-11-03T19:34:20 IST" duration-ms="4356" status="PASS">
          <reporter-output>
          </reporter-output>
        </test-method> <!-- setUp -->
        <test-method signature="loginTest()[pri:3, instance:com.crm.qa.testcases.LoginPageTest@53045c6c]" started-at="2021-11-03T19:34:20 IST" name="loginTest" finished-at="2021-11-03T19:34:28 IST" duration-ms="8412" status="PASS">
          <reporter-output>
          </reporter-output>
        </test-method> <!-- loginTest -->
        <test-method is-config="true" signature="closeBrowser()[pri:0, instance:com.crm.qa.testcases.LoginPageTest@53045c6c]" started-at="2021-11-03T19:34:28 IST" name="closeBrowser" finished-at="2021-11-03T19:34:29 IST" duration-ms="704" status="PASS">
          <reporter-output>
          </reporter-output>
        </test-method> <!-- closeBrowser -->
      </class> <!-- com.crm.qa.testcases.LoginPageTest -->
    </test> <!-- Default test -->
  </suite> <!-- Default suite -->
</testng-results>
