<?xml version="1.0" encoding="UTF-8"?>
<!-- Generated by org.testng.reporters.JUnitXMLReporter -->
<testsuite ignored="0" hostname="LIN65001218" failures="0" tests="4" name="nopcommerce application testing" time="52.979" errors="0" timestamp="2021-11-01T17:15:45 IST">
  <testcase classname="com.crm.qa.testcases.LoginPageTest" name="validateTitleTest" time="0.014"/>
  <testcase classname="com.crm.qa.testcases.LoginPageTest" name="validateTextIsPresentTest" time="0.059"/>
  <testcase classname="com.crm.qa.testcases.LoginPageTest" name="loginTest" time="7.316"/>
  <testcase classname="com.crm.qa.testcases.HomePageTest" name="addCustomerTest" time="16.866"/>
</testsuite> <!-- nopcommerce application testing -->
